<?xml version="1.0" encoding="UTF-8"?>
<!-- Generated by org.testng.reporters.JUnitReportReporter -->
<testsuite skipped="0" hostname="DOC-W-SHRUTHIMV" name="com.testyantra.scripts.AccountTest" tests="1" failures="0" timestamp="2020-06-11T13:24:24 IST" time="0.011" errors="0">
  <testcase name="test1" time="0.011" classname="com.testyantra.scripts.AccountTest"/>
  <system-out/>
</testsuite> <!-- com.testyantra.scripts.AccountTest -->
