<?xml version="1.0" encoding="UTF-8"?>
<!-- Generated by org.testng.reporters.JUnitReportReporter -->
<testsuite skipped="0" hostname="DOC-W-SHRUTHIMV" name="com.testyantra.scripts.MenuItems2" tests="1" failures="0" timestamp="2020-06-11T23:29:57 IST" time="21.804" errors="0">
  <testcase name="tc_verifyMenuItems2" time="21.804" classname="com.testyantra.scripts.MenuItems2"/>
  <system-out>
Verifying the menu Items Closing the browser  </system-out>
</testsuite> <!-- com.testyantra.scripts.MenuItems2 -->
