<?xml version="1.0" encoding="UTF-8"?>
<!-- Generated by org.testng.reporters.JUnitReportReporter -->
<testsuite skipped="0" hostname="DOC-W-SHRUTHIMV" name="com.testyantra.scripts.ParametresDemo" tests="1" failures="0" timestamp="2020-06-11T15:21:28 IST" time="13.829" errors="0">
  <testcase name="test" time="13.829" classname="com.testyantra.scripts.ParametresDemo"/>
  <system-out/>
</testsuite> <!-- com.testyantra.scripts.ParametresDemo -->
