<?xml version="1.0" encoding="UTF-8"?>
<!-- Generated by org.testng.reporters.JUnitReportReporter -->
<testsuite skipped="0" hostname="DOC-W-SHRUTHIMV" name="com.testyantra.scripts.InCorrectLogin" tests="1" failures="0" timestamp="2020-06-12T00:13:06 IST" time="11.214" errors="0">
  <testcase name="test" time="11.214" classname="com.testyantra.scripts.InCorrectLogin"/>
  <system-out/>
</testsuite> <!-- com.testyantra.scripts.InCorrectLogin -->
